<?xml version="1.0" encoding="UTF-8"?>
<!-- Generated by org.testng.reporters.JUnitXMLReporter -->
<testsuite ignored="2" hostname="LAPTOP-4K258LJ4" failures="0" tests="6" name="Test" time="0.176" errors="0" timestamp="2025-08-22T09:02:13 IST">
  <testcase classname="com.testng.NewTest" name="test2" time="0.025"/>
  <testcase classname="com.testng.NewTest" name="test1" time="0.005"/>
  <testcase classname="com.testng.NewTest2" name="atest" time="0.005"/>
  <testcase classname="com.testng.NewTest2" name="ctest" time="0.003"/>
  <testcase classname="com.testng.NewTest2" name="ctest" time="0.004"/>
  <testcase classname="com.testng.NewTest2" name="ctest" time="0.004"/>
  <testcase classname="com.testng.NewTest2" name="btest" time="0.0">
    <ignored/>
  </testcase> <!-- btest -->
  <testcase classname="com.testng.NewTest2" name="dtest" time="0.0">
    <ignored/>
  </testcase> <!-- dtest -->
</testsuite> <!-- Test -->
