<?xml version="1.0" encoding="UTF-8"?>
<testng-results ignored="0" total="1" passed="1" failed="0" skipped="0">
  <reporter-output>
  </reporter-output>
  <suite started-at="2025-08-22T18:55:27 IST" name="Default suite" finished-at="2025-08-22T18:55:30 IST" duration-ms="2997">
    <groups>
    </groups>
    <test started-at="2025-08-22T18:55:27 IST" name="Default test" finished-at="2025-08-22T18:55:30 IST" duration-ms="2997">
      <class name="cap.test.NewTestShadow">
        <test-method signature="f()[pri:0, instance:cap.test.NewTestShadow@618b19ad]" started-at="2025-08-22T18:55:27 IST" name="f" finished-at="2025-08-22T18:55:30 IST" duration-ms="2908" status="PASS">
          <reporter-output>
          </reporter-output>
        </test-method> <!-- f -->
      </class> <!-- cap.test.NewTestShadow -->
    </test> <!-- Default test -->
  </suite> <!-- Default suite -->
</testng-results>
